<?xml version="1.0" encoding="UTF-8"?>
<!-- Generated by org.testng.reporters.JUnitXMLReporter -->
<testsuite ignored="0" hostname="DESKTOP-BAE3OIL" failures="0" tests="6" name="basic scenario" time="82.647" errors="0" timestamp="2022-11-27T09:22:02 MSK">
  <testcase classname="com.epam.test.GoogleCloudBothScenariosTest" name="checkVirtualMachineClass" time="0.009"/>
  <testcase classname="com.epam.test.GoogleCloudBothScenariosTest" name="checkInstanceType" time="0.0"/>
  <testcase classname="com.epam.test.GoogleCloudBothScenariosTest" name="checkRegion" time="0.0"/>
  <testcase classname="com.epam.test.GoogleCloudBothScenariosTest" name="checkLocalSsd" time="0.0"/>
  <testcase classname="com.epam.test.GoogleCloudBothScenariosTest" name="checkCommitmentTerm" time="0.0"/>
  <testcase classname="com.epam.test.GoogleCloudBothScenariosTest" name="checkTotalEstimatedMonthlyCostOnEquality" time="17.504"/>
</testsuite> <!-- basic scenario -->
